2018-10-18 02:05:54,762 [1] WARN LemonWay.ConsumeWS.WinFormApp.Form1 - btn_compute_FS_Click is clicked
2018-10-18 02:05:54,778 [1] INFO LemonWay.ConsumeWS.WinFormApp.Form1 - Sleeping for 2s
2018-10-18 02:17:46,549 [1] INFO LemonWay.ConsumeWS.WinFormApp.Form1 - Validation d'entrer numérique.
2018-10-18 02:17:46,559 [1] INFO LemonWay.ConsumeWS.WinFormApp.Form1 - Validation d'entrer numérique OK.
2018-10-18 02:17:46,571 [1] INFO LemonWay.ConsumeWS.WinFormApp.Form1 - Sleeping for 2s
2018-10-18 02:17:48,572 [1] INFO LemonWay.ConsumeWS.WinFormApp.Form1 - Appel à la methode ASYNC: Fibonacci
2018-10-18 02:17:48,575 [1] INFO LemonWay.ConsumeWS.WinFormApp.Form1 - Appel au service: Fibonacci
2018-10-18 02:17:49,500 [1] INFO LemonWay.ConsumeWS.WinFormApp.Form1 - Fin d'appel à la methode ASYNC: Fibonacci
2018-10-18 02:18:06,814 [1] INFO LemonWay.ConsumeWS.WinFormApp.Form1 - Appel à la methode ASYNC: XmlToJson
2018-10-18 02:18:06,815 [1] INFO LemonWay.ConsumeWS.WinFormApp.Form1 - Appel au service: XmlToJson
2018-10-18 02:18:06,829 [1] INFO LemonWay.ConsumeWS.WinFormApp.Form1 - Fin d'appel à la methode ASYNC: XmlToJson
2018-10-18 02:18:45,894 [1] INFO LemonWay.ConsumeWS.WinFormApp.Form1 - Appel à la methode ASYNC: XmlToJson
2018-10-18 02:18:45,920 [1] INFO LemonWay.ConsumeWS.WinFormApp.Form1 - Appel au service: XmlToJson
2018-10-18 02:18:46,688 [1] INFO LemonWay.ConsumeWS.WinFormApp.Form1 - Fin d'appel à la methode ASYNC: XmlToJson
2018-10-18 02:19:21,473 [1] INFO LemonWay.ConsumeWS.WinFormApp.Form1 - Appel à la methode ASYNC: XmlToJson
2018-10-18 02:19:21,483 [1] INFO LemonWay.ConsumeWS.WinFormApp.Form1 - Appel au service: XmlToJson
2018-10-18 02:19:22,196 [1] INFO LemonWay.ConsumeWS.WinFormApp.Form1 - Fin d'appel à la methode ASYNC: XmlToJson
2018-10-18 02:19:40,635 [1] INFO LemonWay.ConsumeWS.WinFormApp.Form1 - Validation d'entrer numérique.
2018-10-18 02:19:40,645 [1] INFO LemonWay.ConsumeWS.WinFormApp.Form1 - Validation d'entrer numérique OK.
2018-10-18 02:19:40,653 [1] INFO LemonWay.ConsumeWS.WinFormApp.Form1 - TPL START
2018-10-18 02:19:40,672 [1] INFO LemonWay.ConsumeWS.WinFormApp.Form1 - Appel à la methode : Fibonacci
2018-10-18 02:19:40,672 [3] INFO LemonWay.ConsumeWS.WinFormApp.Form1 - Appel à la methode : XmlToJson
2018-10-18 02:19:41,013 [1] INFO LemonWay.ConsumeWS.WinFormApp.Form1 - TPL END
2018-10-18 02:19:46,386 [1] INFO LemonWay.ConsumeWS.WinFormApp.Form1 - Validation d'entrer numérique.
2018-10-18 02:19:46,386 [1] INFO LemonWay.ConsumeWS.WinFormApp.Form1 - Validation d'entrer numérique OK.
2018-10-18 02:19:46,395 [1] INFO LemonWay.ConsumeWS.WinFormApp.Form1 - TPL START
2018-10-18 02:19:46,396 [3] INFO LemonWay.ConsumeWS.WinFormApp.Form1 - Appel à la methode : XmlToJson
2018-10-18 02:19:46,396 [1] INFO LemonWay.ConsumeWS.WinFormApp.Form1 - Appel à la methode : Fibonacci
2018-10-18 02:19:46,451 [1] INFO LemonWay.ConsumeWS.WinFormApp.Form1 - TPL END
2018-10-18 02:19:51,096 [1] INFO LemonWay.ConsumeWS.WinFormApp.Form1 - Validation d'entrer numérique.
2018-10-18 02:19:51,096 [1] INFO LemonWay.ConsumeWS.WinFormApp.Form1 - Validation d'entrer numérique OK.
2018-10-18 02:19:51,109 [1] INFO LemonWay.ConsumeWS.WinFormApp.Form1 - Sleeping for 2s
2018-10-18 02:19:53,109 [1] INFO LemonWay.ConsumeWS.WinFormApp.Form1 - Appel à la methode ASYNC: Fibonacci
2018-10-18 02:19:53,110 [1] INFO LemonWay.ConsumeWS.WinFormApp.Form1 - Appel au service: Fibonacci
2018-10-18 02:19:53,123 [1] INFO LemonWay.ConsumeWS.WinFormApp.Form1 - Fin d'appel à la methode ASYNC: Fibonacci
2018-10-18 02:19:54,471 [1] INFO LemonWay.ConsumeWS.WinFormApp.Form1 - Validation d'entrer numérique.
2018-10-18 02:19:54,471 [1] INFO LemonWay.ConsumeWS.WinFormApp.Form1 - Validation d'entrer numérique OK.
2018-10-18 02:19:54,483 [1] INFO LemonWay.ConsumeWS.WinFormApp.Form1 - TPL START
2018-10-18 02:19:54,483 [3] INFO LemonWay.ConsumeWS.WinFormApp.Form1 - Appel à la methode : XmlToJson
2018-10-18 02:19:54,483 [1] INFO LemonWay.ConsumeWS.WinFormApp.Form1 - Appel à la methode : Fibonacci
2018-10-18 02:19:54,502 [1] INFO LemonWay.ConsumeWS.WinFormApp.Form1 - TPL END
2018-10-18 02:19:56,960 [1] INFO LemonWay.ConsumeWS.WinFormApp.Form1 - Validation d'entrer numérique.
2018-10-18 02:19:56,960 [1] INFO LemonWay.ConsumeWS.WinFormApp.Form1 - Validation d'entrer numérique OK.
2018-10-18 02:19:56,968 [1] INFO LemonWay.ConsumeWS.WinFormApp.Form1 - TPL START
2018-10-18 02:19:56,968 [3] INFO LemonWay.ConsumeWS.WinFormApp.Form1 - Appel à la methode : XmlToJson
2018-10-18 02:19:56,968 [1] INFO LemonWay.ConsumeWS.WinFormApp.Form1 - Appel à la methode : Fibonacci
2018-10-18 02:19:56,988 [1] INFO LemonWay.ConsumeWS.WinFormApp.Form1 - TPL END
2018-10-18 02:30:42,834 [1] INFO LemonWay.ConsumeWS.WinFormApp.Form1 - Validation d'entrer numérique.
2018-10-18 02:30:42,848 [1] INFO LemonWay.ConsumeWS.WinFormApp.Form1 - Validation d'entrer numérique OK.
2018-10-18 02:30:42,858 [1] INFO LemonWay.ConsumeWS.WinFormApp.Form1 - Sleeping for 2s
2018-10-18 02:30:44,858 [1] INFO LemonWay.ConsumeWS.WinFormApp.Form1 - Appel à la methode ASYNC: Fibonacci
2018-10-18 02:30:44,860 [1] INFO LemonWay.ConsumeWS.WinFormApp.Form1 - Appel au service: Fibonacci
2018-10-18 02:30:45,213 [1] INFO LemonWay.ConsumeWS.WinFormApp.Form1 - Fin d'appel à la methode ASYNC: Fibonacci
2018-10-18 02:31:16,658 [1] INFO LemonWay.ConsumeWS.WinFormApp.Form1 - Appel à la methode ASYNC: XmlToJson
2018-10-18 02:31:16,659 [1] INFO LemonWay.ConsumeWS.WinFormApp.Form1 - Appel au service: XmlToJson
2018-10-18 02:31:16,669 [1] INFO LemonWay.ConsumeWS.WinFormApp.Form1 - Fin d'appel à la methode ASYNC: XmlToJson
2018-10-18 02:31:19,911 [1] INFO LemonWay.ConsumeWS.WinFormApp.Form1 - Validation d'entrer numérique.
2018-10-18 02:31:19,911 [1] INFO LemonWay.ConsumeWS.WinFormApp.Form1 - Validation d'entrer numérique OK.
2018-10-18 02:31:19,920 [1] INFO LemonWay.ConsumeWS.WinFormApp.Form1 - TPL START
2018-10-18 02:31:19,921 [1] INFO LemonWay.ConsumeWS.WinFormApp.Form1 - Appel à la methode : Fibonacci
2018-10-18 02:31:19,925 [12] INFO LemonWay.ConsumeWS.WinFormApp.Form1 - Appel à la methode : XmlToJson
2018-10-18 02:31:19,929 [1] INFO LemonWay.ConsumeWS.WinFormApp.Form1 - TPL END
2018-10-18 02:31:27,864 [1] INFO LemonWay.ConsumeWS.WinFormApp.Form1 - Validation d'entrer numérique.
2018-10-18 02:31:27,864 [1] INFO LemonWay.ConsumeWS.WinFormApp.Form1 - Validation d'entrer numérique OK.
2018-10-18 02:31:27,873 [1] INFO LemonWay.ConsumeWS.WinFormApp.Form1 - TPL START
2018-10-18 02:31:27,873 [1] INFO LemonWay.ConsumeWS.WinFormApp.Form1 - Appel à la methode : Fibonacci
2018-10-18 02:31:27,874 [12] INFO LemonWay.ConsumeWS.WinFormApp.Form1 - Appel à la methode : XmlToJson
2018-10-18 02:31:27,884 [1] INFO LemonWay.ConsumeWS.WinFormApp.Form1 - TPL END
